# JRE version: Java(TM) SE Runtime Environment (8.0_151-b12) (build 1.8.0_151-b12)
# Java VM: Java HotSpot(TM) Client VM (25.151-b12 mixed mode windows-x86 )
Heap:
 def new generation   total 7104K, used 1360K [0x05400000, 0x05bb0000, 0x0a950000)
  eden space 6336K,  21% used [0x05400000, 0x05553be8, 0x05a30000)
  from space 768K,   0% used [0x05a30000, 0x05a304c0, 0x05af0000)
  to   space 768K,   0% used [0x05af0000, 0x05af0000, 0x05bb0000)
 tenured generation   total 15668K, used 13739K [0x0a950000, 0x0b89d000, 0x15400000)
   the space 15668K,  87% used [0x0a950000, 0x0b6bac50, 0x0b6bae00, 0x0b89d000)
 Metaspace       used 21835K, capacity 23033K, committed 23040K, reserved 23936K
GC Heap History (10 events):
Event: 434975.812 GC heap before
{Heap before GC invocations=437 (full 2):
 def new generation   total 7104K, used 6337K [0x05400000, 0x05bb0000, 0x0a950000)
  eden space 6336K, 100% used [0x05400000, 0x05a30000, 0x05a30000)
  from space 768K,   0% used [0x05af0000, 0x05af04c0, 0x05bb0000)
  to   space 768K,   0% used [0x05a30000, 0x05a30000, 0x05af0000)
 tenured generation   total 15668K, used 13739K [0x0a950000, 0x0b89d000, 0x15400000)
   the space 15668K,  87% used [0x0a950000, 0x0b6bac50, 0x0b6bae00, 0x0b89d000)
 Metaspace       used 21823K, capacity 23033K, committed 23040K, reserved 23936K
Event: 434975.814 GC heap after
Heap after GC invocations=438 (full 2):
 def new generation   total 7104K, used 5K [0x05400000, 0x05bb0000, 0x0a950000)
  eden space 6336K,   0% used [0x05400000, 0x05400000, 0x05a30000)
  from space 768K,   0% used [0x05a30000, 0x05a316e0, 0x05af0000)
  to   space 768K,   0% used [0x05af0000, 0x05af0000, 0x05bb0000)
 tenured generation   total 15668K, used 13739K [0x0a950000, 0x0b89d000, 0x15400000)
   the space 15668K,  87% used [0x0a950000, 0x0b6bac50, 0x0b6bae00, 0x0b89d000)
 Metaspace       used 21823K, capacity 23033K, committed 23040K, reserved 23936K
}
Event: 435744.637 GC heap before
{Heap before GC invocations=438 (full 2):
 def new generation   total 7104K, used 6341K [0x05400000, 0x05bb0000, 0x0a950000)
  eden space 6336K, 100% used [0x05400000, 0x05a30000, 0x05a30000)
  from space 768K,   0% used [0x05a30000, 0x05a316e0, 0x05af0000)
  to   space 768K,   0% used [0x05af0000, 0x05af0000, 0x05bb0000)
 tenured generation   total 15668K, used 13739K [0x0a950000, 0x0b89d000, 0x15400000)
   the space 15668K,  87% used [0x0a950000, 0x0b6bac50, 0x0b6bae00, 0x0b89d000)
 Metaspace       used 21823K, capacity 23033K, committed 23040K, reserved 23936K
Event: 435744.638 GC heap after
Heap after GC invocations=439 (full 2):
 def new generation   total 7104K, used 1K [0x05400000, 0x05bb0000, 0x0a950000)
  eden space 6336K,   0% used [0x05400000, 0x05400000, 0x05a30000)
  from space 768K,   0% used [0x05af0000, 0x05af04f8, 0x05bb0000)
  to   space 768K,   0% used [0x05a30000, 0x05a30000, 0x05af0000)
 tenured generation   total 15668K, used 13739K [0x0a950000, 0x0b89d000, 0x15400000)
   the space 15668K,  87% used [0x0a950000, 0x0b6bac50, 0x0b6bae00, 0x0b89d000)
 Metaspace       used 21823K, capacity 23033K, committed 23040K, reserved 23936K
}
Event: 436518.920 GC heap before
{Heap before GC invocations=439 (full 2):
 def new generation   total 7104K, used 6337K [0x05400000, 0x05bb0000, 0x0a950000)
  eden space 6336K, 100% used [0x05400000, 0x05a30000, 0x05a30000)
  from space 768K,   0% used [0x05af0000, 0x05af04f8, 0x05bb0000)
  to   space 768K,   0% used [0x05a30000, 0x05a30000, 0x05af0000)
 tenured generation   total 15668K, used 13739K [0x0a950000, 0x0b89d000, 0x15400000)
   the space 15668K,  87% used [0x0a950000, 0x0b6bac50, 0x0b6bae00, 0x0b89d000)
 Metaspace       used 21823K, capacity 23033K, committed 23040K, reserved 23936K
Event: 436518.922 GC heap after
Heap after GC invocations=440 (full 2):
 def new generation   total 7104K, used 6K [0x05400000, 0x05bb0000, 0x0a950000)
  eden space 6336K,   0% used [0x05400000, 0x05400000, 0x05a30000)
  from space 768K,   0% used [0x05a30000, 0x05a318e0, 0x05af0000)
  to   space 768K,   0% used [0x05af0000, 0x05af0000, 0x05bb0000)
 tenured generation   total 15668K, used 13739K [0x0a950000, 0x0b89d000, 0x15400000)
   the space 15668K,  87% used [0x0a950000, 0x0b6bac50, 0x0b6bae00, 0x0b89d000)
 Metaspace       used 21823K, capacity 23033K, committed 23040K, reserved 23936K
}
Event: 437286.930 GC heap before
{Heap before GC invocations=440 (full 2):
 def new generation   total 7104K, used 6342K [0x05400000, 0x05bb0000, 0x0a950000)
  eden space 6336K, 100% used [0x05400000, 0x05a30000, 0x05a30000)
  from space 768K,   0% used [0x05a30000, 0x05a318e0, 0x05af0000)
  to   space 768K,   0% used [0x05af0000, 0x05af0000, 0x05bb0000)
 tenured generation   total 15668K, used 13739K [0x0a950000, 0x0b89d000, 0x15400000)
   the space 15668K,  87% used [0x0a950000, 0x0b6bac50, 0x0b6bae00, 0x0b89d000)
 Metaspace       used 21823K, capacity 23033K, committed 23040K, reserved 23936K
Event: 437286.932 GC heap after
Heap after GC invocations=441 (full 2):
 def new generation   total 7104K, used 1K [0x05400000, 0x05bb0000, 0x0a950000)
  eden space 6336K,   0% used [0x05400000, 0x05400000, 0x05a30000)
  from space 768K,   0% used [0x05af0000, 0x05af04c0, 0x05bb0000)
  to   space 768K,   0% used [0x05a30000, 0x05a30000, 0x05af0000)
 tenured generation   total 15668K, used 13739K [0x0a950000, 0x0b89d000, 0x15400000)
   the space 15668K,  87% used [0x0a950000, 0x0b6bac50, 0x0b6bae00, 0x0b89d000)
 Metaspace       used 21823K, capacity 23033K, committed 23040K, reserved 23936K
}
Event: 438059.317 GC heap before
{Heap before GC invocations=441 (full 2):
 def new generation   total 7104K, used 6337K [0x05400000, 0x05bb0000, 0x0a950000)
  eden space 6336K, 100% used [0x05400000, 0x05a30000, 0x05a30000)
  from space 768K,   0% used [0x05af0000, 0x05af04c0, 0x05bb0000)
  to   space 768K,   0% used [0x05a30000, 0x05a30000, 0x05af0000)
 tenured generation   total 15668K, used 13739K [0x0a950000, 0x0b89d000, 0x15400000)
   the space 15668K,  87% used [0x0a950000, 0x0b6bac50, 0x0b6bae00, 0x0b89d000)
 Metaspace       used 21823K, capacity 23033K, committed 23040K, reserved 23936K
Event: 438059.321 GC heap after
Heap after GC invocations=442 (full 2):
 def new generation   total 7104K, used 1K [0x05400000, 0x05bb0000, 0x0a950000)
  eden space 6336K,   0% used [0x05400000, 0x05400000, 0x05a30000)
  from space 768K,   0% used [0x05a30000, 0x05a304c0, 0x05af0000)
  to   space 768K,   0% used [0x05af0000, 0x05af0000, 0x05bb0000)
 tenured generation   total 15668K, used 13739K [0x0a950000, 0x0b89d000, 0x15400000)
   the space 15668K,  87% used [0x0a950000, 0x0b6bac50, 0x0b6bae00, 0x0b89d000)
 Metaspace       used 21823K, capacity 23033K, committed 23040K, reserved 23936K
}

